Oct 30, 2012 11:02:07 AM xmipp.particlepicker.training.model.TrainingPicker loadMicrographs
SEVERE: XMIPP_ERROR 22:  It is not a file
   [1;31mFileName::isMetaData: File: 'ParticlePicking/Manual/placasMix123/micrographs.xmd' does not exist[0m
   File: libraries/data/xmipp_filename.cpp line: 482

java.lang.Exception: XMIPP_ERROR 22:  It is not a file
   [1;31mFileName::isMetaData: File: 'ParticlePicking/Manual/placasMix123/micrographs.xmd' does not exist[0m
   File: libraries/data/xmipp_filename.cpp line: 482

	at xmipp.jni.MetaData.read_(Native Method)
	at xmipp.jni.MetaData.read(MetaData.java:101)
	at xmipp.jni.MetaData.<init>(MetaData.java:434)
	at xmipp.particlepicker.training.model.TrainingPicker.loadMicrographs(TrainingPicker.java:75)
	at xmipp.particlepicker.training.model.ManualParticlePicker.<init>(ManualParticlePicker.java:14)
	at xmipp.particlepicker.training.Main$1.run(Main.java:57)
	at java.awt.event.InvocationEvent.dispatch(InvocationEvent.java:226)
	at java.awt.EventQueue.dispatchEventImpl(EventQueue.java:647)
	at java.awt.EventQueue.access$000(EventQueue.java:96)
	at java.awt.EventQueue$1.run(EventQueue.java:608)
	at java.awt.EventQueue$1.run(EventQueue.java:606)
	at java.security.AccessController.doPrivileged(Native Method)
	at java.security.AccessControlContext$1.doIntersectionPrivilege(AccessControlContext.java:105)
	at java.awt.EventQueue.dispatchEvent(EventQueue.java:617)
	at java.awt.EventDispatchThread.pumpOneEventForFilters(EventDispatchThread.java:275)
	at java.awt.EventDispatchThread.pumpEventsForFilter(EventDispatchThread.java:200)
	at java.awt.EventDispatchThread.pumpEventsForHierarchy(EventDispatchThread.java:190)
	at java.awt.EventDispatchThread.pumpEvents(EventDispatchThread.java:185)
	at java.awt.EventDispatchThread.pumpEvents(EventDispatchThread.java:177)
	at java.awt.EventDispatchThread.run(EventDispatchThread.java:138)
Oct 30, 2012 11:02:07 AM xmipp.particlepicker.training.Main$1 run
SEVERE: java.lang.Exception: XMIPP_ERROR 22:  It is not a file
   [1;31mFileName::isMetaData: File: 'ParticlePicking/Manual/placasMix123/micrographs.xmd' does not exist[0m
   File: libraries/data/xmipp_filename.cpp line: 482

java.lang.IllegalArgumentException: java.lang.Exception: XMIPP_ERROR 22:  It is not a file
   [1;31mFileName::isMetaData: File: 'ParticlePicking/Manual/placasMix123/micrographs.xmd' does not exist[0m
   File: libraries/data/xmipp_filename.cpp line: 482

	at xmipp.particlepicker.training.model.TrainingPicker.loadMicrographs(TrainingPicker.java:108)
	at xmipp.particlepicker.training.model.ManualParticlePicker.<init>(ManualParticlePicker.java:14)
	at xmipp.particlepicker.training.Main$1.run(Main.java:57)
	at java.awt.event.InvocationEvent.dispatch(InvocationEvent.java:226)
	at java.awt.EventQueue.dispatchEventImpl(EventQueue.java:647)
	at java.awt.EventQueue.access$000(EventQueue.java:96)
	at java.awt.EventQueue$1.run(EventQueue.java:608)
	at java.awt.EventQueue$1.run(EventQueue.java:606)
	at java.security.AccessController.doPrivileged(Native Method)
	at java.security.AccessControlContext$1.doIntersectionPrivilege(AccessControlContext.java:105)
	at java.awt.EventQueue.dispatchEvent(EventQueue.java:617)
	at java.awt.EventDispatchThread.pumpOneEventForFilters(EventDispatchThread.java:275)
	at java.awt.EventDispatchThread.pumpEventsForFilter(EventDispatchThread.java:200)
	at java.awt.EventDispatchThread.pumpEventsForHierarchy(EventDispatchThread.java:190)
	at java.awt.EventDispatchThread.pumpEvents(EventDispatchThread.java:185)
	at java.awt.EventDispatchThread.pumpEvents(EventDispatchThread.java:177)
	at java.awt.EventDispatchThread.run(EventDispatchThread.java:138)
Caused by: java.lang.Exception: XMIPP_ERROR 22:  It is not a file
   [1;31mFileName::isMetaData: File: 'ParticlePicking/Manual/placasMix123/micrographs.xmd' does not exist[0m
   File: libraries/data/xmipp_filename.cpp line: 482

	at xmipp.jni.MetaData.read_(Native Method)
	at xmipp.jni.MetaData.read(MetaData.java:101)
	at xmipp.jni.MetaData.<init>(MetaData.java:434)
	at xmipp.particlepicker.training.model.TrainingPicker.loadMicrographs(TrainingPicker.java:75)
	... 16 more
Oct 30, 2012 12:07:51 PM xmipp.particlepicker.ParticlePicker loadFamilies
SEVERE: Name is null
java.lang.NullPointerException: Name is null
	at java.lang.Enum.valueOf(Enum.java:213)
	at xmipp.particlepicker.training.model.FamilyState.valueOf(FamilyState.java:1)
	at xmipp.particlepicker.ParticlePicker.loadFamilies(ParticlePicker.java:262)
	at xmipp.particlepicker.ParticlePicker.<init>(ParticlePicker.java:86)
	at xmipp.particlepicker.training.model.TrainingPicker.<init>(TrainingPicker.java:38)
	at xmipp.particlepicker.training.model.ManualParticlePicker.<init>(ManualParticlePicker.java:13)
	at xmipp.particlepicker.training.Main$1.run(Main.java:57)
	at java.awt.event.InvocationEvent.dispatch(InvocationEvent.java:226)
	at java.awt.EventQueue.dispatchEventImpl(EventQueue.java:647)
	at java.awt.EventQueue.access$000(EventQueue.java:96)
	at java.awt.EventQueue$1.run(EventQueue.java:608)
	at java.awt.EventQueue$1.run(EventQueue.java:606)
	at java.security.AccessController.doPrivileged(Native Method)
	at java.security.AccessControlContext$1.doIntersectionPrivilege(AccessControlContext.java:105)
	at java.awt.EventQueue.dispatchEvent(EventQueue.java:617)
	at java.awt.EventDispatchThread.pumpOneEventForFilters(EventDispatchThread.java:275)
	at java.awt.EventDispatchThread.pumpEventsForFilter(EventDispatchThread.java:200)
	at java.awt.EventDispatchThread.pumpEventsForHierarchy(EventDispatchThread.java:190)
	at java.awt.EventDispatchThread.pumpEvents(EventDispatchThread.java:185)
	at java.awt.EventDispatchThread.pumpEvents(EventDispatchThread.java:177)
	at java.awt.EventDispatchThread.run(EventDispatchThread.java:138)
Oct 30, 2012 12:07:51 PM xmipp.particlepicker.training.Main$1 run
SEVERE: Name is null
java.lang.IllegalArgumentException: Name is null
	at xmipp.particlepicker.ParticlePicker.loadFamilies(ParticlePicker.java:282)
	at xmipp.particlepicker.ParticlePicker.<init>(ParticlePicker.java:86)
	at xmipp.particlepicker.training.model.TrainingPicker.<init>(TrainingPicker.java:38)
	at xmipp.particlepicker.training.model.ManualParticlePicker.<init>(ManualParticlePicker.java:13)
	at xmipp.particlepicker.training.Main$1.run(Main.java:57)
	at java.awt.event.InvocationEvent.dispatch(InvocationEvent.java:226)
	at java.awt.EventQueue.dispatchEventImpl(EventQueue.java:647)
	at java.awt.EventQueue.access$000(EventQueue.java:96)
	at java.awt.EventQueue$1.run(EventQueue.java:608)
	at java.awt.EventQueue$1.run(EventQueue.java:606)
	at java.security.AccessController.doPrivileged(Native Method)
	at java.security.AccessControlContext$1.doIntersectionPrivilege(AccessControlContext.java:105)
	at java.awt.EventQueue.dispatchEvent(EventQueue.java:617)
	at java.awt.EventDispatchThread.pumpOneEventForFilters(EventDispatchThread.java:275)
	at java.awt.EventDispatchThread.pumpEventsForFilter(EventDispatchThread.java:200)
	at java.awt.EventDispatchThread.pumpEventsForHierarchy(EventDispatchThread.java:190)
	at java.awt.EventDispatchThread.pumpEvents(EventDispatchThread.java:185)
	at java.awt.EventDispatchThread.pumpEvents(EventDispatchThread.java:177)
	at java.awt.EventDispatchThread.run(EventDispatchThread.java:138)
Oct 30, 2012 12:11:13 PM xmipp.particlepicker.ParticlePicker loadFamilies
SEVERE: Name is null
java.lang.NullPointerException: Name is null
	at java.lang.Enum.valueOf(Enum.java:213)
	at xmipp.particlepicker.training.model.FamilyState.valueOf(FamilyState.java:1)
	at xmipp.particlepicker.ParticlePicker.loadFamilies(ParticlePicker.java:262)
	at xmipp.particlepicker.ParticlePicker.<init>(ParticlePicker.java:86)
	at xmipp.particlepicker.training.model.TrainingPicker.<init>(TrainingPicker.java:38)
	at xmipp.particlepicker.training.model.ManualParticlePicker.<init>(ManualParticlePicker.java:13)
	at xmipp.particlepicker.training.Main$1.run(Main.java:57)
	at java.awt.event.InvocationEvent.dispatch(InvocationEvent.java:226)
	at java.awt.EventQueue.dispatchEventImpl(EventQueue.java:647)
	at java.awt.EventQueue.access$000(EventQueue.java:96)
	at java.awt.EventQueue$1.run(EventQueue.java:608)
	at java.awt.EventQueue$1.run(EventQueue.java:606)
	at java.security.AccessController.doPrivileged(Native Method)
	at java.security.AccessControlContext$1.doIntersectionPrivilege(AccessControlContext.java:105)
	at java.awt.EventQueue.dispatchEvent(EventQueue.java:617)
	at java.awt.EventDispatchThread.pumpOneEventForFilters(EventDispatchThread.java:275)
	at java.awt.EventDispatchThread.pumpEventsForFilter(EventDispatchThread.java:200)
	at java.awt.EventDispatchThread.pumpEventsForHierarchy(EventDispatchThread.java:190)
	at java.awt.EventDispatchThread.pumpEvents(EventDispatchThread.java:185)
	at java.awt.EventDispatchThread.pumpEvents(EventDispatchThread.java:177)
	at java.awt.EventDispatchThread.run(EventDispatchThread.java:138)
Oct 30, 2012 12:11:13 PM xmipp.particlepicker.training.Main$1 run
SEVERE: Name is null
java.lang.IllegalArgumentException: Name is null
	at xmipp.particlepicker.ParticlePicker.loadFamilies(ParticlePicker.java:282)
	at xmipp.particlepicker.ParticlePicker.<init>(ParticlePicker.java:86)
	at xmipp.particlepicker.training.model.TrainingPicker.<init>(TrainingPicker.java:38)
	at xmipp.particlepicker.training.model.ManualParticlePicker.<init>(ManualParticlePicker.java:13)
	at xmipp.particlepicker.training.Main$1.run(Main.java:57)
	at java.awt.event.InvocationEvent.dispatch(InvocationEvent.java:226)
	at java.awt.EventQueue.dispatchEventImpl(EventQueue.java:647)
	at java.awt.EventQueue.access$000(EventQueue.java:96)
	at java.awt.EventQueue$1.run(EventQueue.java:608)
	at java.awt.EventQueue$1.run(EventQueue.java:606)
	at java.security.AccessController.doPrivileged(Native Method)
	at java.security.AccessControlContext$1.doIntersectionPrivilege(AccessControlContext.java:105)
	at java.awt.EventQueue.dispatchEvent(EventQueue.java:617)
	at java.awt.EventDispatchThread.pumpOneEventForFilters(EventDispatchThread.java:275)
	at java.awt.EventDispatchThread.pumpEventsForFilter(EventDispatchThread.java:200)
	at java.awt.EventDispatchThread.pumpEventsForHierarchy(EventDispatchThread.java:190)
	at java.awt.EventDispatchThread.pumpEvents(EventDispatchThread.java:185)
	at java.awt.EventDispatchThread.pumpEvents(EventDispatchThread.java:177)
	at java.awt.EventDispatchThread.run(EventDispatchThread.java:138)
Oct 30, 2012 12:11:26 PM xmipp.particlepicker.ParticlePicker loadFamilies
SEVERE: Name is null
java.lang.NullPointerException: Name is null
	at java.lang.Enum.valueOf(Enum.java:213)
	at xmipp.particlepicker.training.model.FamilyState.valueOf(FamilyState.java:1)
	at xmipp.particlepicker.ParticlePicker.loadFamilies(ParticlePicker.java:262)
	at xmipp.particlepicker.ParticlePicker.<init>(ParticlePicker.java:86)
	at xmipp.particlepicker.training.model.TrainingPicker.<init>(TrainingPicker.java:38)
	at xmipp.particlepicker.training.model.ManualParticlePicker.<init>(ManualParticlePicker.java:13)
	at xmipp.particlepicker.training.Main$1.run(Main.java:57)
	at java.awt.event.InvocationEvent.dispatch(InvocationEvent.java:226)
	at java.awt.EventQueue.dispatchEventImpl(EventQueue.java:647)
	at java.awt.EventQueue.access$000(EventQueue.java:96)
	at java.awt.EventQueue$1.run(EventQueue.java:608)
	at java.awt.EventQueue$1.run(EventQueue.java:606)
	at java.security.AccessController.doPrivileged(Native Method)
	at java.security.AccessControlContext$1.doIntersectionPrivilege(AccessControlContext.java:105)
	at java.awt.EventQueue.dispatchEvent(EventQueue.java:617)
	at java.awt.EventDispatchThread.pumpOneEventForFilters(EventDispatchThread.java:275)
	at java.awt.EventDispatchThread.pumpEventsForFilter(EventDispatchThread.java:200)
	at java.awt.EventDispatchThread.pumpEventsForHierarchy(EventDispatchThread.java:190)
	at java.awt.EventDispatchThread.pumpEvents(EventDispatchThread.java:185)
	at java.awt.EventDispatchThread.pumpEvents(EventDispatchThread.java:177)
	at java.awt.EventDispatchThread.run(EventDispatchThread.java:138)
Oct 30, 2012 12:11:26 PM xmipp.particlepicker.training.Main$1 run
SEVERE: Name is null
java.lang.IllegalArgumentException: Name is null
	at xmipp.particlepicker.ParticlePicker.loadFamilies(ParticlePicker.java:282)
	at xmipp.particlepicker.ParticlePicker.<init>(ParticlePicker.java:86)
	at xmipp.particlepicker.training.model.TrainingPicker.<init>(TrainingPicker.java:38)
	at xmipp.particlepicker.training.model.ManualParticlePicker.<init>(ManualParticlePicker.java:13)
	at xmipp.particlepicker.training.Main$1.run(Main.java:57)
	at java.awt.event.InvocationEvent.dispatch(InvocationEvent.java:226)
	at java.awt.EventQueue.dispatchEventImpl(EventQueue.java:647)
	at java.awt.EventQueue.access$000(EventQueue.java:96)
	at java.awt.EventQueue$1.run(EventQueue.java:608)
	at java.awt.EventQueue$1.run(EventQueue.java:606)
	at java.security.AccessController.doPrivileged(Native Method)
	at java.security.AccessControlContext$1.doIntersectionPrivilege(AccessControlContext.java:105)
	at java.awt.EventQueue.dispatchEvent(EventQueue.java:617)
	at java.awt.EventDispatchThread.pumpOneEventForFilters(EventDispatchThread.java:275)
	at java.awt.EventDispatchThread.pumpEventsForFilter(EventDispatchThread.java:200)
	at java.awt.EventDispatchThread.pumpEventsForHierarchy(EventDispatchThread.java:190)
	at java.awt.EventDispatchThread.pumpEvents(EventDispatchThread.java:185)
	at java.awt.EventDispatchThread.pumpEvents(EventDispatchThread.java:177)
	at java.awt.EventDispatchThread.run(EventDispatchThread.java:138)
Oct 30, 2012 12:13:48 PM xmipp.particlepicker.ParticlePicker loadFamilies
SEVERE: Name is null
java.lang.NullPointerException: Name is null
	at java.lang.Enum.valueOf(Enum.java:213)
	at xmipp.particlepicker.training.model.FamilyState.valueOf(FamilyState.java:1)
	at xmipp.particlepicker.ParticlePicker.loadFamilies(ParticlePicker.java:262)
	at xmipp.particlepicker.ParticlePicker.<init>(ParticlePicker.java:86)
	at xmipp.particlepicker.training.model.TrainingPicker.<init>(TrainingPicker.java:38)
	at xmipp.particlepicker.training.model.ManualParticlePicker.<init>(ManualParticlePicker.java:13)
	at xmipp.particlepicker.training.Main$1.run(Main.java:57)
	at java.awt.event.InvocationEvent.dispatch(InvocationEvent.java:226)
	at java.awt.EventQueue.dispatchEventImpl(EventQueue.java:647)
	at java.awt.EventQueue.access$000(EventQueue.java:96)
	at java.awt.EventQueue$1.run(EventQueue.java:608)
	at java.awt.EventQueue$1.run(EventQueue.java:606)
	at java.security.AccessController.doPrivileged(Native Method)
	at java.security.AccessControlContext$1.doIntersectionPrivilege(AccessControlContext.java:105)
	at java.awt.EventQueue.dispatchEvent(EventQueue.java:617)
	at java.awt.EventDispatchThread.pumpOneEventForFilters(EventDispatchThread.java:275)
	at java.awt.EventDispatchThread.pumpEventsForFilter(EventDispatchThread.java:200)
	at java.awt.EventDispatchThread.pumpEventsForHierarchy(EventDispatchThread.java:190)
	at java.awt.EventDispatchThread.pumpEvents(EventDispatchThread.java:185)
	at java.awt.EventDispatchThread.pumpEvents(EventDispatchThread.java:177)
	at java.awt.EventDispatchThread.run(EventDispatchThread.java:138)
Oct 30, 2012 12:13:48 PM xmipp.particlepicker.training.Main$1 run
SEVERE: Name is null
java.lang.IllegalArgumentException: Name is null
	at xmipp.particlepicker.ParticlePicker.loadFamilies(ParticlePicker.java:282)
	at xmipp.particlepicker.ParticlePicker.<init>(ParticlePicker.java:86)
	at xmipp.particlepicker.training.model.TrainingPicker.<init>(TrainingPicker.java:38)
	at xmipp.particlepicker.training.model.ManualParticlePicker.<init>(ManualParticlePicker.java:13)
	at xmipp.particlepicker.training.Main$1.run(Main.java:57)
	at java.awt.event.InvocationEvent.dispatch(InvocationEvent.java:226)
	at java.awt.EventQueue.dispatchEventImpl(EventQueue.java:647)
	at java.awt.EventQueue.access$000(EventQueue.java:96)
	at java.awt.EventQueue$1.run(EventQueue.java:608)
	at java.awt.EventQueue$1.run(EventQueue.java:606)
	at java.security.AccessController.doPrivileged(Native Method)
	at java.security.AccessControlContext$1.doIntersectionPrivilege(AccessControlContext.java:105)
	at java.awt.EventQueue.dispatchEvent(EventQueue.java:617)
	at java.awt.EventDispatchThread.pumpOneEventForFilters(EventDispatchThread.java:275)
	at java.awt.EventDispatchThread.pumpEventsForFilter(EventDispatchThread.java:200)
	at java.awt.EventDispatchThread.pumpEventsForHierarchy(EventDispatchThread.java:190)
	at java.awt.EventDispatchThread.pumpEvents(EventDispatchThread.java:185)
	at java.awt.EventDispatchThread.pumpEvents(EventDispatchThread.java:177)
	at java.awt.EventDispatchThread.run(EventDispatchThread.java:138)
Oct 30, 2012 12:15:50 PM xmipp.particlepicker.training.model.TrainingPicker loadMicrographs
SEVERE: No such file placasMix123/1311.tif exists
java.lang.IllegalArgumentException: No such file placasMix123/1311.tif exists
	at xmipp.particlepicker.Micrograph.<init>(Micrograph.java:38)
	at xmipp.particlepicker.Micrograph.<init>(Micrograph.java:33)
	at xmipp.particlepicker.training.model.TrainingMicrograph.<init>(TrainingMicrograph.java:32)
	at xmipp.particlepicker.training.model.TrainingMicrograph.<init>(TrainingMicrograph.java:27)
	at xmipp.particlepicker.training.model.TrainingPicker.loadMicrographs(TrainingPicker.java:95)
	at xmipp.particlepicker.training.model.ManualParticlePicker.<init>(ManualParticlePicker.java:14)
	at xmipp.particlepicker.training.Main$1.run(Main.java:57)
	at java.awt.event.InvocationEvent.dispatch(InvocationEvent.java:226)
	at java.awt.EventQueue.dispatchEventImpl(EventQueue.java:647)
	at java.awt.EventQueue.access$000(EventQueue.java:96)
	at java.awt.EventQueue$1.run(EventQueue.java:608)
	at java.awt.EventQueue$1.run(EventQueue.java:606)
	at java.security.AccessController.doPrivileged(Native Method)
	at java.security.AccessControlContext$1.doIntersectionPrivilege(AccessControlContext.java:105)
	at java.awt.EventQueue.dispatchEvent(EventQueue.java:617)
	at java.awt.EventDispatchThread.pumpOneEventForFilters(EventDispatchThread.java:275)
	at java.awt.EventDispatchThread.pumpEventsForFilter(EventDispatchThread.java:200)
	at java.awt.EventDispatchThread.pumpEventsForHierarchy(EventDispatchThread.java:190)
	at java.awt.EventDispatchThread.pumpEvents(EventDispatchThread.java:185)
	at java.awt.EventDispatchThread.pumpEvents(EventDispatchThread.java:177)
	at java.awt.EventDispatchThread.run(EventDispatchThread.java:138)
Oct 30, 2012 12:15:50 PM xmipp.particlepicker.training.Main$1 run
SEVERE: java.lang.IllegalArgumentException: No such file placasMix123/1311.tif exists
java.lang.IllegalArgumentException: java.lang.IllegalArgumentException: No such file placasMix123/1311.tif exists
	at xmipp.particlepicker.training.model.TrainingPicker.loadMicrographs(TrainingPicker.java:108)
	at xmipp.particlepicker.training.model.ManualParticlePicker.<init>(ManualParticlePicker.java:14)
	at xmipp.particlepicker.training.Main$1.run(Main.java:57)
	at java.awt.event.InvocationEvent.dispatch(InvocationEvent.java:226)
	at java.awt.EventQueue.dispatchEventImpl(EventQueue.java:647)
	at java.awt.EventQueue.access$000(EventQueue.java:96)
	at java.awt.EventQueue$1.run(EventQueue.java:608)
	at java.awt.EventQueue$1.run(EventQueue.java:606)
	at java.security.AccessController.doPrivileged(Native Method)
	at java.security.AccessControlContext$1.doIntersectionPrivilege(AccessControlContext.java:105)
	at java.awt.EventQueue.dispatchEvent(EventQueue.java:617)
	at java.awt.EventDispatchThread.pumpOneEventForFilters(EventDispatchThread.java:275)
	at java.awt.EventDispatchThread.pumpEventsForFilter(EventDispatchThread.java:200)
	at java.awt.EventDispatchThread.pumpEventsForHierarchy(EventDispatchThread.java:190)
	at java.awt.EventDispatchThread.pumpEvents(EventDispatchThread.java:185)
	at java.awt.EventDispatchThread.pumpEvents(EventDispatchThread.java:177)
	at java.awt.EventDispatchThread.run(EventDispatchThread.java:138)
Caused by: java.lang.IllegalArgumentException: No such file placasMix123/1311.tif exists
	at xmipp.particlepicker.Micrograph.<init>(Micrograph.java:38)
	at xmipp.particlepicker.Micrograph.<init>(Micrograph.java:33)
	at xmipp.particlepicker.training.model.TrainingMicrograph.<init>(TrainingMicrograph.java:32)
	at xmipp.particlepicker.training.model.TrainingMicrograph.<init>(TrainingMicrograph.java:27)
	at xmipp.particlepicker.training.model.TrainingPicker.loadMicrographs(TrainingPicker.java:95)
	... 16 more
Oct 30, 2012 12:16:20 PM xmipp.particlepicker.training.model.TrainingPicker loadMicrographs
SEVERE: No such file placasMix123/1311.tif exists
java.lang.IllegalArgumentException: No such file placasMix123/1311.tif exists
	at xmipp.particlepicker.Micrograph.<init>(Micrograph.java:38)
	at xmipp.particlepicker.Micrograph.<init>(Micrograph.java:33)
	at xmipp.particlepicker.training.model.TrainingMicrograph.<init>(TrainingMicrograph.java:32)
	at xmipp.particlepicker.training.model.TrainingMicrograph.<init>(TrainingMicrograph.java:27)
	at xmipp.particlepicker.training.model.TrainingPicker.loadMicrographs(TrainingPicker.java:95)
	at xmipp.particlepicker.training.model.ManualParticlePicker.<init>(ManualParticlePicker.java:14)
	at xmipp.particlepicker.training.Main$1.run(Main.java:57)
	at java.awt.event.InvocationEvent.dispatch(InvocationEvent.java:226)
	at java.awt.EventQueue.dispatchEventImpl(EventQueue.java:647)
	at java.awt.EventQueue.access$000(EventQueue.java:96)
	at java.awt.EventQueue$1.run(EventQueue.java:608)
	at java.awt.EventQueue$1.run(EventQueue.java:606)
	at java.security.AccessController.doPrivileged(Native Method)
	at java.security.AccessControlContext$1.doIntersectionPrivilege(AccessControlContext.java:105)
	at java.awt.EventQueue.dispatchEvent(EventQueue.java:617)
	at java.awt.EventDispatchThread.pumpOneEventForFilters(EventDispatchThread.java:275)
	at java.awt.EventDispatchThread.pumpEventsForFilter(EventDispatchThread.java:200)
	at java.awt.EventDispatchThread.pumpEventsForHierarchy(EventDispatchThread.java:190)
	at java.awt.EventDispatchThread.pumpEvents(EventDispatchThread.java:185)
	at java.awt.EventDispatchThread.pumpEvents(EventDispatchThread.java:177)
	at java.awt.EventDispatchThread.run(EventDispatchThread.java:138)
Oct 30, 2012 12:16:20 PM xmipp.particlepicker.training.Main$1 run
SEVERE: java.lang.IllegalArgumentException: No such file placasMix123/1311.tif exists
java.lang.IllegalArgumentException: java.lang.IllegalArgumentException: No such file placasMix123/1311.tif exists
	at xmipp.particlepicker.training.model.TrainingPicker.loadMicrographs(TrainingPicker.java:108)
	at xmipp.particlepicker.training.model.ManualParticlePicker.<init>(ManualParticlePicker.java:14)
	at xmipp.particlepicker.training.Main$1.run(Main.java:57)
	at java.awt.event.InvocationEvent.dispatch(InvocationEvent.java:226)
	at java.awt.EventQueue.dispatchEventImpl(EventQueue.java:647)
	at java.awt.EventQueue.access$000(EventQueue.java:96)
	at java.awt.EventQueue$1.run(EventQueue.java:608)
	at java.awt.EventQueue$1.run(EventQueue.java:606)
	at java.security.AccessController.doPrivileged(Native Method)
	at java.security.AccessControlContext$1.doIntersectionPrivilege(AccessControlContext.java:105)
	at java.awt.EventQueue.dispatchEvent(EventQueue.java:617)
	at java.awt.EventDispatchThread.pumpOneEventForFilters(EventDispatchThread.java:275)
	at java.awt.EventDispatchThread.pumpEventsForFilter(EventDispatchThread.java:200)
	at java.awt.EventDispatchThread.pumpEventsForHierarchy(EventDispatchThread.java:190)
	at java.awt.EventDispatchThread.pumpEvents(EventDispatchThread.java:185)
	at java.awt.EventDispatchThread.pumpEvents(EventDispatchThread.java:177)
	at java.awt.EventDispatchThread.run(EventDispatchThread.java:138)
Caused by: java.lang.IllegalArgumentException: No such file placasMix123/1311.tif exists
	at xmipp.particlepicker.Micrograph.<init>(Micrograph.java:38)
	at xmipp.particlepicker.Micrograph.<init>(Micrograph.java:33)
	at xmipp.particlepicker.training.model.TrainingMicrograph.<init>(TrainingMicrograph.java:32)
	at xmipp.particlepicker.training.model.TrainingMicrograph.<init>(TrainingMicrograph.java:27)
	at xmipp.particlepicker.training.model.TrainingPicker.loadMicrographs(TrainingPicker.java:95)
	... 16 more
